
> trichome-analysis-frontend@0.1.0 dev
> next dev --port 3000

  ▲ Next.js 14.2.5
  - Local:        http://localhost:3000
  - Environments: .env.local

 ✓ Starting...
 ✓ Ready in 1304ms
 ○ Compiling /setup ...
 ✓ Compiled /setup in 1723ms (910 modules)
(node:333358) Warning: `--localstorage-file` was provided without a valid path
(Use `node --trace-warnings ...` to show where the warning was created)
 GET /setup 200 in 1872ms
 ✓ Compiled in 147ms (417 modules)
 ○ Compiling / ...
 ✓ Compiled / in 693ms (1948 modules)
 GET / 200 in 830ms
 GET / 200 in 21ms
 GET / 200 in 18ms
 GET /setup 200 in 22ms
 GET /setup 200 in 14ms
 ✓ Compiled in 171ms (942 modules)
 ✓ Compiled in 329ms (1962 modules)
 ⨯ ./src/app/layout.tsx
Error: 
  [31mx[0m Unexpected token `html`. Expected jsx identifier
    ,-[[36;1;4m/home/ottcouture/trichome-analysis/frontend/src/app/layout.tsx[0m:17:1]
 [2m17[0m |   children: React.ReactNode;
 [2m18[0m | }) {
 [2m19[0m |   return (
 [2m20[0m |     <html lang="en" className="dark">
    : [31;1m     ^^^^[0m
 [2m21[0m |       <body className="bg-background text-text-primary">
 [2m22[0m |         <QueryClientProvider>
 [2m23[0m |           <SetupGuard>
    `----

Caused by:
    Syntax Error

Import trace for requested module:
./src/app/layout.tsx
 ○ Compiling /_error ...
 ⨯ ./src/app/layout.tsx
Error: 
  [31mx[0m Unexpected token `html`. Expected jsx identifier
    ,-[[36;1;4m/home/ottcouture/trichome-analysis/frontend/src/app/layout.tsx[0m:17:1]
 [2m17[0m |   children: React.ReactNode;
 [2m18[0m | }) {
 [2m19[0m |   return (
 [2m20[0m |     <html lang="en" className="dark">
    : [31;1m     ^^^^[0m
 [2m21[0m |       <body className="bg-background text-text-primary">
 [2m22[0m |         <QueryClientProvider>
 [2m23[0m |           <SetupGuard>
    `----

Caused by:
    Syntax Error

Import trace for requested module:
./src/app/layout.tsx
 GET / 500 in 3ms
 GET / 500 in 5ms
 GET /setup 500 in 7ms
 GET /setup 500 in 11ms
 ✓ Compiled /_error in 556ms (2195 modules)
 ✓ Compiled in 110ms (1133 modules)
<w> [webpack.cache.PackFileCacheStrategy] Caching failed for pack: Error: ENOENT: no such file or directory, rename '/home/ottcouture/trichome-analysis/frontend/.next/cache/webpack/client-development-fallback/0.pack.gz_' -> '/home/ottcouture/trichome-analysis/frontend/.next/cache/webpack/client-development-fallback/0.pack.gz'
<w> [webpack.cache.PackFileCacheStrategy] Caching failed for pack: Error: ENOENT: no such file or directory, rename '/home/ottcouture/trichome-analysis/frontend/.next/cache/webpack/client-development-fallback/0.pack.gz_' -> '/home/ottcouture/trichome-analysis/frontend/.next/cache/webpack/client-development-fallback/0.pack.gz'
<w> [webpack.cache.PackFileCacheStrategy] Caching failed for pack: Error: ENOENT: no such file or directory, rename '/home/ottcouture/trichome-analysis/frontend/.next/cache/webpack/client-development-fallback/0.pack.gz_' -> '/home/ottcouture/trichome-analysis/frontend/.next/cache/webpack/client-development-fallback/0.pack.gz'
 ✓ Compiled in 389ms (2195 modules)
 GET / 200 in 151ms
 ✓ Compiled /_not-found in 231ms (2184 modules)
 GET /_next/static/webpack/f3eb64cda5cc4450.webpack.hot-update.json 404 in 275ms
 ⚠ Fast Refresh had to perform a full reload due to a runtime error.
 GET /_next/static/webpack/f3eb64cda5cc4450.webpack.hot-update.json 404 in 39ms
 GET /_next/static/webpack/f3eb64cda5cc4450.webpack.hot-update.json 404 in 39ms
 GET /_next/static/webpack/f3eb64cda5cc4450.webpack.hot-update.json 404 in 39ms
 ⚠ Fast Refresh had to perform a full reload due to a runtime error.
 ⚠ Fast Refresh had to perform a full reload due to a runtime error.
 ⚠ Fast Refresh had to perform a full reload due to a runtime error.
 GET / 200 in 28ms
 GET /setup 200 in 22ms
 GET / 200 in 27ms
 GET /setup 200 in 16ms
 GET /setup 200 in 29ms
 GET / 200 in 18ms
 ✓ Compiled /system in 430ms (2196 modules)
 ✓ Compiled /processes in 157ms (2210 modules)
 GET / 200 in 114ms
 GET / 200 in 20ms
 GET /setup 200 in 23ms
 GET / 200 in 14ms
 ✓ Compiled /analytics in 465ms (2220 modules)
 ✓ Compiled /training in 460ms (2248 modules)
 ✓ Compiled /datasets in 330ms (2298 modules)
 GET / 200 in 130ms
 GET /setup 200 in 19ms
 ✓ Compiled in 1106ms (2297 modules)
 GET / 200 in 64ms
 GET / 200 in 15ms
 ✓ Compiled in 787ms (2310 modules)
 ○ Compiling /annotation ...
 ✓ Compiled /annotation in 582ms (2306 modules)
 GET /annotation 200 in 678ms
 GET / 200 in 62ms
 GET / 200 in 62ms
 GET /setup 200 in 30ms
 GET / 200 in 18ms
 GET / 200 in 18ms
 ✓ Compiled in 494ms (2314 modules)
 GET /setup 200 in 88ms
 ✓ Compiled in 305ms (2314 modules)
 ✓ Compiled in 343ms (2314 modules)
 ✓ Compiled in 372ms (2314 modules)
 ✓ Compiled in 259ms (2314 modules)
 ✓ Compiled in 307ms (2314 modules)
 GET / 200 in 121ms
 GET / 200 in 13ms
 GET / 200 in 15ms
 GET / 200 in 13ms
 GET / 200 in 13ms
